app/build/intermediates/manifest_merge_blame_file/debug/manifest-merger-blame-debug-report.txt
1<?xml version="1.0" encoding="utf-8"?>
2<manifest xmlns:android="http://schemas.android.com/apk/res/android"
3    package="com.softitbd.booklens"
4    android:versionCode="1"
5    android:versionName="1.0" >
6
7    <uses-sdk
8        android:minSdkVersion="24"
8-->src\main\AndroidManifest.xml
9        android:targetSdkVersion="33" />
9-->src\main\AndroidManifest.xml
10
11    <uses-feature
11-->src\main\AndroidManifest.xml:6:5-8:35
12        android:name="android.hardware.camera"
12-->src\main\AndroidManifest.xml:7:9-47
13        android:required="true" />
13-->src\main\AndroidManifest.xml:8:9-32
14
15    <uses-permission android:name="android.permission.READ_EXTERNAL_STORAGE" />
15-->src\main\AndroidManifest.xml:10:5-80
15-->src\main\AndroidManifest.xml:10:22-77
16    <uses-permission android:name="android.permission.WRITE_EXTERNAL_STORAGE" />
16-->src\main\AndroidManifest.xml:11:5-81
16-->src\main\AndroidManifest.xml:11:22-78
17    <uses-permission android:name="android.permission.INTERNET" />
17-->src\main\AndroidManifest.xml:12:5-67
17-->src\main\AndroidManifest.xml:12:22-64
18    <uses-permission android:name="android.permission.ACCESS_WIFI_STATE" />
18-->src\main\AndroidManifest.xml:13:5-76
18-->src\main\AndroidManifest.xml:13:22-73
19
20    <uses-feature
20-->src\main\AndroidManifest.xml:6:5-8:35
21        android:name="android.hardware.camera"
21-->src\main\AndroidManifest.xml:7:9-47
22        android:required="true" />
22-->src\main\AndroidManifest.xml:8:9-32
23    <uses-feature android:name="android.hardware.camera.autofocus" />
23-->src\main\AndroidManifest.xml:15:5-70
23-->src\main\AndroidManifest.xml:15:19-67
24
25    <queries>
25-->[com.github.Dhaval2404:ImagePicker:v2.1] AndroidManifest.xml:9:5-19:15
26
27        <!-- Query Camera Packages -->
28        <intent>
28-->[com.github.Dhaval2404:ImagePicker:v2.1] AndroidManifest.xml:12:9-14:18
29            <action android:name="android.media.action.IMAGE_CAPTURE" />
29-->[com.github.Dhaval2404:ImagePicker:v2.1] AndroidManifest.xml:13:13-73
29-->[com.github.Dhaval2404:ImagePicker:v2.1] AndroidManifest.xml:13:21-70
30        </intent>
31        <!-- Query Open Document -->
32        <intent>
32-->[com.github.Dhaval2404:ImagePicker:v2.1] AndroidManifest.xml:16:9-18:18
33            <action android:name="android.intent.action.OPEN_DOCUMENT_TREE" />
33-->[com.github.Dhaval2404:ImagePicker:v2.1] AndroidManifest.xml:17:13-79
33-->[com.github.Dhaval2404:ImagePicker:v2.1] AndroidManifest.xml:17:21-76
34        </intent>
35    </queries>
36
37    <uses-permission android:name="android.permission.ACCESS_NETWORK_STATE" />
37-->[com.google.firebase:firebase-auth:21.1.0] AndroidManifest.xml:24:5-79
37-->[com.google.firebase:firebase-auth:21.1.0] AndroidManifest.xml:24:22-76
38
39    <permission
39-->[androidx.core:core:1.9.0] AndroidManifest.xml:22:5-24:47
40        android:name="com.softitbd.booklens.DYNAMIC_RECEIVER_NOT_EXPORTED_PERMISSION"
40-->[androidx.core:core:1.9.0] AndroidManifest.xml:23:9-81
41        android:protectionLevel="signature" />
41-->[androidx.core:core:1.9.0] AndroidManifest.xml:24:9-44
42
43    <uses-permission android:name="com.softitbd.booklens.DYNAMIC_RECEIVER_NOT_EXPORTED_PERMISSION" />
43-->[androidx.core:core:1.9.0] AndroidManifest.xml:26:5-97
43-->[androidx.core:core:1.9.0] AndroidManifest.xml:26:22-94
44
45    <application
45-->src\main\AndroidManifest.xml:17:5-48:19
46        android:allowBackup="true"
46-->src\main\AndroidManifest.xml:18:9-35
47        android:appComponentFactory="androidx.core.app.CoreComponentFactory"
47-->[androidx.core:core:1.9.0] AndroidManifest.xml:28:18-86
48        android:dataExtractionRules="@xml/data_extraction_rules"
48-->src\main\AndroidManifest.xml:19:9-65
49        android:debuggable="true"
50        android:extractNativeLibs="false"
51        android:fullBackupContent="@xml/backup_rules"
51-->src\main\AndroidManifest.xml:20:9-54
52        android:icon="@mipmap/ic_launcher"
52-->src\main\AndroidManifest.xml:21:9-43
53        android:label="@string/app_name"
53-->src\main\AndroidManifest.xml:22:9-41
54        android:roundIcon="@mipmap/ic_launcher_round"
54-->src\main\AndroidManifest.xml:23:9-54
55        android:supportsRtl="true"
55-->src\main\AndroidManifest.xml:24:9-35
56        android:theme="@style/Theme.AppCompat.Light.NoActionBar" >
56-->src\main\AndroidManifest.xml:25:9-65
57        <activity
57-->src\main\AndroidManifest.xml:27:9-29:40
58            android:name="com.softitbd.booklens.SelectActivity"
58-->src\main\AndroidManifest.xml:28:13-43
59            android:exported="false" />
59-->src\main\AndroidManifest.xml:29:13-37
60        <activity
60-->src\main\AndroidManifest.xml:30:9-32:40
61            android:name="com.softitbd.booklens.Signup"
61-->src\main\AndroidManifest.xml:31:13-35
62            android:exported="false" />
62-->src\main\AndroidManifest.xml:32:13-37
63        <activity
63-->src\main\AndroidManifest.xml:33:9-35:40
64            android:name="com.softitbd.booklens.LoginActivity"
64-->src\main\AndroidManifest.xml:34:13-42
65            android:exported="false" />
65-->src\main\AndroidManifest.xml:35:13-37
66        <activity
66-->src\main\AndroidManifest.xml:36:9-44:20
67            android:name="com.softitbd.booklens.Splash"
67-->src\main\AndroidManifest.xml:37:13-35
68            android:exported="true" >
68-->src\main\AndroidManifest.xml:38:13-36
69            <intent-filter>
69-->src\main\AndroidManifest.xml:39:13-43:29
70                <action android:name="android.intent.action.MAIN" />
70-->src\main\AndroidManifest.xml:40:17-69
70-->src\main\AndroidManifest.xml:40:25-66
71
72                <category android:name="android.intent.category.LAUNCHER" />
72-->src\main\AndroidManifest.xml:42:17-77
72-->src\main\AndroidManifest.xml:42:27-74
73            </intent-filter>
74        </activity>
75        <activity
75-->src\main\AndroidManifest.xml:45:9-47:39
76            android:name="com.softitbd.booklens.MainActivity"
76-->src\main\AndroidManifest.xml:46:13-41
77            android:exported="true" />
77-->src\main\AndroidManifest.xml:47:13-36
78        <activity
78-->[com.github.Dhaval2404:ImagePicker:v2.1] AndroidManifest.xml:22:9-25:68
79            android:name="com.github.dhaval2404.imagepicker.ImagePickerActivity"
79-->[com.github.Dhaval2404:ImagePicker:v2.1] AndroidManifest.xml:23:13-81
80            android:screenOrientation="unspecified"
80-->[com.github.Dhaval2404:ImagePicker:v2.1] AndroidManifest.xml:24:13-52
81            android:theme="@style/Theme.Transparent.ImagePicker" />
81-->[com.github.Dhaval2404:ImagePicker:v2.1] AndroidManifest.xml:25:13-65
82        <activity
82-->[com.github.Dhaval2404:ImagePicker:v2.1] AndroidManifest.xml:26:9-29:72
83            android:name="com.yalantis.ucrop.UCropActivity"
83-->[com.github.Dhaval2404:ImagePicker:v2.1] AndroidManifest.xml:27:13-60
84            android:screenOrientation="portrait"
84-->[com.github.Dhaval2404:ImagePicker:v2.1] AndroidManifest.xml:28:13-49
85            android:theme="@style/Theme.AppCompat.Light.NoActionBar" />
85-->[com.github.Dhaval2404:ImagePicker:v2.1] AndroidManifest.xml:29:13-69
86
87        <provider
87-->[com.github.Dhaval2404:ImagePicker:v2.1] AndroidManifest.xml:31:9-39:20
88            android:name="com.github.dhaval2404.imagepicker.ImagePickerFileProvider"
88-->[com.github.Dhaval2404:ImagePicker:v2.1] AndroidManifest.xml:32:13-85
89            android:authorities="com.softitbd.booklens.imagepicker.provider"
89-->[com.github.Dhaval2404:ImagePicker:v2.1] AndroidManifest.xml:33:13-72
90            android:exported="false"
90-->[com.github.Dhaval2404:ImagePicker:v2.1] AndroidManifest.xml:34:13-37
91            android:grantUriPermissions="true" >
91-->[com.github.Dhaval2404:ImagePicker:v2.1] AndroidManifest.xml:35:13-47
92            <meta-data
92-->[com.github.Dhaval2404:ImagePicker:v2.1] AndroidManifest.xml:36:13-38:71
93                android:name="android.support.FILE_PROVIDER_PATHS"
93-->[com.github.Dhaval2404:ImagePicker:v2.1] AndroidManifest.xml:37:17-67
94                android:resource="@xml/image_picker_provider_paths" />
94-->[com.github.Dhaval2404:ImagePicker:v2.1] AndroidManifest.xml:38:17-68
95        </provider>
96
97        <activity
97-->[com.google.firebase:firebase-auth:21.1.0] AndroidManifest.xml:27:9-44:20
98            android:name="com.google.firebase.auth.internal.GenericIdpActivity"
98-->[com.google.firebase:firebase-auth:21.1.0] AndroidManifest.xml:28:13-80
99            android:excludeFromRecents="true"
99-->[com.google.firebase:firebase-auth:21.1.0] AndroidManifest.xml:29:13-46
100            android:exported="true"
100-->[com.google.firebase:firebase-auth:21.1.0] AndroidManifest.xml:30:13-36
101            android:launchMode="singleTask"
101-->[com.google.firebase:firebase-auth:21.1.0] AndroidManifest.xml:31:13-44
102            android:theme="@android:style/Theme.Translucent.NoTitleBar" >
102-->[com.google.firebase:firebase-auth:21.1.0] AndroidManifest.xml:32:13-72
103            <intent-filter>
103-->[com.google.firebase:firebase-auth:21.1.0] AndroidManifest.xml:33:13-43:29
104                <action android:name="android.intent.action.VIEW" />
104-->[com.google.firebase:firebase-auth:21.1.0] AndroidManifest.xml:34:17-69
104-->[com.google.firebase:firebase-auth:21.1.0] AndroidManifest.xml:34:25-66
105
106                <category android:name="android.intent.category.DEFAULT" />
106-->[com.google.firebase:firebase-auth:21.1.0] AndroidManifest.xml:36:17-76
106-->[com.google.firebase:firebase-auth:21.1.0] AndroidManifest.xml:36:27-73
107                <category android:name="android.intent.category.BROWSABLE" />
107-->[com.google.firebase:firebase-auth:21.1.0] AndroidManifest.xml:37:17-78
107-->[com.google.firebase:firebase-auth:21.1.0] AndroidManifest.xml:37:27-75
108
109                <data
109-->[com.google.firebase:firebase-auth:21.1.0] AndroidManifest.xml:39:17-42:51
110                    android:host="firebase.auth"
110-->[com.google.firebase:firebase-auth:21.1.0] AndroidManifest.xml:40:21-49
111                    android:path="/"
111-->[com.google.firebase:firebase-auth:21.1.0] AndroidManifest.xml:41:21-37
112                    android:scheme="genericidp" />
112-->[com.google.firebase:firebase-auth:21.1.0] AndroidManifest.xml:42:21-48
113            </intent-filter>
114        </activity>
115        <activity
115-->[com.google.firebase:firebase-auth:21.1.0] AndroidManifest.xml:45:9-62:20
116            android:name="com.google.firebase.auth.internal.RecaptchaActivity"
116-->[com.google.firebase:firebase-auth:21.1.0] AndroidManifest.xml:46:13-79
117            android:excludeFromRecents="true"
117-->[com.google.firebase:firebase-auth:21.1.0] AndroidManifest.xml:47:13-46
118            android:exported="true"
118-->[com.google.firebase:firebase-auth:21.1.0] AndroidManifest.xml:48:13-36
119            android:launchMode="singleTask"
119-->[com.google.firebase:firebase-auth:21.1.0] AndroidManifest.xml:49:13-44
120            android:theme="@android:style/Theme.Translucent.NoTitleBar" >
120-->[com.google.firebase:firebase-auth:21.1.0] AndroidManifest.xml:50:13-72
121            <intent-filter>
121-->[com.google.firebase:firebase-auth:21.1.0] AndroidManifest.xml:51:13-61:29
122                <action android:name="android.intent.action.VIEW" />
122-->[com.google.firebase:firebase-auth:21.1.0] AndroidManifest.xml:34:17-69
122-->[com.google.firebase:firebase-auth:21.1.0] AndroidManifest.xml:34:25-66
123
124                <category android:name="android.intent.category.DEFAULT" />
124-->[com.google.firebase:firebase-auth:21.1.0] AndroidManifest.xml:36:17-76
124-->[com.google.firebase:firebase-auth:21.1.0] AndroidManifest.xml:36:27-73
125                <category android:name="android.intent.category.BROWSABLE" />
125-->[com.google.firebase:firebase-auth:21.1.0] AndroidManifest.xml:37:17-78
125-->[com.google.firebase:firebase-auth:21.1.0] AndroidManifest.xml:37:27-75
126
127                <data
127-->[com.google.firebase:firebase-auth:21.1.0] AndroidManifest.xml:39:17-42:51
128                    android:host="firebase.auth"
128-->[com.google.firebase:firebase-auth:21.1.0] AndroidManifest.xml:40:21-49
129                    android:path="/"
129-->[com.google.firebase:firebase-auth:21.1.0] AndroidManifest.xml:41:21-37
130                    android:scheme="recaptcha" />
130-->[com.google.firebase:firebase-auth:21.1.0] AndroidManifest.xml:42:21-48
131            </intent-filter>
132        </activity>
133
134        <service
134-->[com.google.firebase:firebase-auth:21.1.0] AndroidManifest.xml:64:9-70:19
135            android:name="com.google.firebase.components.ComponentDiscoveryService"
135-->[com.google.firebase:firebase-auth:21.1.0] AndroidManifest.xml:65:13-84
136            android:directBootAware="true"
136-->[com.google.firebase:firebase-common:20.3.0] AndroidManifest.xml:34:13-43
137            android:exported="false" >
137-->[com.google.firebase:firebase-auth:21.1.0] AndroidManifest.xml:66:13-37
138            <meta-data
138-->[com.google.firebase:firebase-auth:21.1.0] AndroidManifest.xml:67:13-69:85
139                android:name="com.google.firebase.components:com.google.firebase.auth.FirebaseAuthRegistrar"
139-->[com.google.firebase:firebase-auth:21.1.0] AndroidManifest.xml:68:17-109
140                android:value="com.google.firebase.components.ComponentRegistrar" />
140-->[com.google.firebase:firebase-auth:21.1.0] AndroidManifest.xml:69:17-82
141            <meta-data
141-->[com.google.firebase:firebase-ml-vision:24.1.0] AndroidManifest.xml:12:13-14:85
142                android:name="com.google.firebase.components:com.google.firebase.ml.vision.VisionRegistrar"
142-->[com.google.firebase:firebase-ml-vision:24.1.0] AndroidManifest.xml:13:17-108
143                android:value="com.google.firebase.components.ComponentRegistrar" />
143-->[com.google.firebase:firebase-ml-vision:24.1.0] AndroidManifest.xml:14:17-82
144            <meta-data
144-->[com.google.firebase:firebase-database:20.1.0] AndroidManifest.xml:31:13-33:85
145                android:name="com.google.firebase.components:com.google.firebase.database.DatabaseRegistrar"
145-->[com.google.firebase:firebase-database:20.1.0] AndroidManifest.xml:32:17-109
146                android:value="com.google.firebase.components.ComponentRegistrar" />
146-->[com.google.firebase:firebase-database:20.1.0] AndroidManifest.xml:33:17-82
147            <meta-data
147-->[com.google.firebase:firebase-ml-common:22.1.2] AndroidManifest.xml:11:13-13:85
148                android:name="com.google.firebase.components:com.google.firebase.ml.common.CommonComponentRegistrar"
148-->[com.google.firebase:firebase-ml-common:22.1.2] AndroidManifest.xml:12:17-117
149                android:value="com.google.firebase.components.ComponentRegistrar" />
149-->[com.google.firebase:firebase-ml-common:22.1.2] AndroidManifest.xml:13:17-82
150            <meta-data
150-->[com.google.firebase:firebase-installations:17.1.2] AndroidManifest.xml:17:13-19:85
151                android:name="com.google.firebase.components:com.google.firebase.installations.FirebaseInstallationsRegistrar"
151-->[com.google.firebase:firebase-installations:17.1.2] AndroidManifest.xml:18:17-127
152                android:value="com.google.firebase.components.ComponentRegistrar" />
152-->[com.google.firebase:firebase-installations:17.1.2] AndroidManifest.xml:19:17-82
153        </service>
154
155        <provider
155-->[com.google.firebase:firebase-common:20.3.0] AndroidManifest.xml:25:9-30:39
156            android:name="com.google.firebase.provider.FirebaseInitProvider"
156-->[com.google.firebase:firebase-common:20.3.0] AndroidManifest.xml:26:13-77
157            android:authorities="com.softitbd.booklens.firebaseinitprovider"
157-->[com.google.firebase:firebase-common:20.3.0] AndroidManifest.xml:27:13-72
158            android:directBootAware="true"
158-->[com.google.firebase:firebase-common:20.3.0] AndroidManifest.xml:28:13-43
159            android:exported="false"
159-->[com.google.firebase:firebase-common:20.3.0] AndroidManifest.xml:29:13-37
160            android:initOrder="100" />
160-->[com.google.firebase:firebase-common:20.3.0] AndroidManifest.xml:30:13-36
161
162        <activity
162-->[com.google.android.gms:play-services-base:18.0.1] AndroidManifest.xml:20:9-22:45
163            android:name="com.google.android.gms.common.api.GoogleApiActivity"
163-->[com.google.android.gms:play-services-base:18.0.1] AndroidManifest.xml:20:19-85
164            android:exported="false"
164-->[com.google.android.gms:play-services-base:18.0.1] AndroidManifest.xml:22:19-43
165            android:theme="@android:style/Theme.Translucent.NoTitleBar" />
165-->[com.google.android.gms:play-services-base:18.0.1] AndroidManifest.xml:21:19-78
166
167        <meta-data
167-->[com.google.android.gms:play-services-basement:18.1.0] AndroidManifest.xml:21:9-23:69
168            android:name="com.google.android.gms.version"
168-->[com.google.android.gms:play-services-basement:18.1.0] AndroidManifest.xml:22:13-58
169            android:value="@integer/google_play_services_version" />
169-->[com.google.android.gms:play-services-basement:18.1.0] AndroidManifest.xml:23:13-66
170
171        <provider
171-->[androidx.emoji2:emoji2:1.2.0] AndroidManifest.xml:24:9-32:20
172            android:name="androidx.startup.InitializationProvider"
172-->[androidx.emoji2:emoji2:1.2.0] AndroidManifest.xml:25:13-67
173            android:authorities="com.softitbd.booklens.androidx-startup"
173-->[androidx.emoji2:emoji2:1.2.0] AndroidManifest.xml:26:13-68
174            android:exported="false" >
174-->[androidx.emoji2:emoji2:1.2.0] AndroidManifest.xml:27:13-37
175            <meta-data
175-->[androidx.emoji2:emoji2:1.2.0] AndroidManifest.xml:29:13-31:52
176                android:name="androidx.emoji2.text.EmojiCompatInitializer"
176-->[androidx.emoji2:emoji2:1.2.0] AndroidManifest.xml:30:17-75
177                android:value="androidx.startup" />
177-->[androidx.emoji2:emoji2:1.2.0] AndroidManifest.xml:31:17-49
178            <meta-data
178-->[androidx.lifecycle:lifecycle-process:2.4.1] AndroidManifest.xml:31:13-33:52
179                android:name="androidx.lifecycle.ProcessLifecycleInitializer"
179-->[androidx.lifecycle:lifecycle-process:2.4.1] AndroidManifest.xml:32:17-78
180                android:value="androidx.startup" />
180-->[androidx.lifecycle:lifecycle-process:2.4.1] AndroidManifest.xml:33:17-49
181        </provider>
182    </application>
183
184</manifest>